Rebuild target 'Target 1'
assembling STARTUP_M5.A51...
compiling sys.c...
compiling timer.c...
compiling uart.c...
compiling canbus.c...
compiling main.c...
compiling const.c...
compiling ui.c...
compiling dwin8283.c...
linking...
*** WARNING L16: UNCALLED SEGMENT, IGNORED FOR OVERLAY PROCESS
    SEGMENT: ?PR?RESETT5L?SYS

*** WARNING L16: UNCALLED SEGMENT, IGNORED FOR OVERLAY PROCESS
    SEGMENT: ?PR?_TOUCHSWITCH?SYS

*** WARNING L16: UNCALLED SEGMENT, IGNORED FOR OVERLAY PROCESS
    SEGMENT: ?PR?_MUSICPLAY?SYS

*** WARNING L16: UNCALLED SEGMENT, IGNORED FOR OVERLAY PROCESS
    SEGMENT: ?PR?_STRCOPY?SYS

*** WARNING L16: UNCALLED SEGMENT, IGNORED FOR OVERLAY PROCESS
    SEGMENT: ?PR?_STRCOPARE?SYS

*** WARNING L16: UNCALLED SEGMENT, IGNORED FOR OVERLAY PROCESS
    SEGMENT: ?PR?_STRCLEAR?SYS

*** WARNING L16: UNCALLED SEGMENT, IGNORED FOR OVERLAY PROCESS
    SEGMENT: ?PR?NORFLASH_ACTION?SYS

*** WARNING L16: UNCALLED SEGMENT, IGNORED FOR OVERLAY PROCESS
    SEGMENT: ?PR?SPIFLASH_ACTION?SYS

*** WARNING L16: UNCALLED SEGMENT, IGNORED FOR OVERLAY PROCESS
    SEGMENT: ?PR?GETPAGEID?SYS

*** WARNING L16: UNCALLED SEGMENT, IGNORED FOR OVERLAY PROCESS
    SEGMENT: ?PR?_PAGE_CHANGE?SYS

*** WARNING L16: UNCALLED SEGMENT, IGNORED FOR OVERLAY PROCESS
    SEGMENT: ?PR?_DELAY_MS?SYS

*** WARNING L16: UNCALLED SEGMENT, IGNORED FOR OVERLAY PROCESS
    SEGMENT: ?PR?_GETPININ?SYS

*** WARNING L16: UNCALLED SEGMENT, IGNORED FOR OVERLAY PROCESS
    SEGMENT: ?PR?_GETTOUCHANCTION?SYS

*** WARNING L16: UNCALLED SEGMENT, IGNORED FOR OVERLAY PROCESS
    SEGMENT: ?PR?_KILLTIMER?TIMER

*** WARNING L16: UNCALLED SEGMENT, IGNORED FOR OVERLAY PROCESS
    SEGMENT: ?PR?PAGEFUNCTION?UI

Program Size: data=31.0 xdata=15958 code=9831
creating hex file from ".\Objects\T5L51"...
User command #1: 1.bat

c:\Users\QRYSJ\Desktop\T5L51-2021.05.30>cd objects 

c:\Users\QRYSJ\Desktop\T5L51-2021.05.30\Objects>srec_cat.exe T5L51.hex -Intel -o T5L51.bin -Binary  
srec_cat: T5L51.hex: 62: warning: data records not in strictly ascending order
    (expected >= 0x26EE, got 0x2121)

c:\Users\QRYSJ\Desktop\T5L51-2021.05.30\Objects>echo.

".\Objects\T5L51" - 0 Error(s), 15 Warning(s).
Build Time Elapsed:  00:00:00
