C51 COMPILER V9.57.0.0   ERROR                                                             12/10/2020 18:06:06 PAGE 1   


C51 COMPILER V9.57.0.0, COMPILATION OF MODULE ERROR
OBJECT MODULE PLACED IN .\Objects\error.obj
COMPILER INVOKED BY: D:\Program Files (x86)\keil\C51\BIN\C51.EXE source\error.c LARGE OPTIMIZE(8,SPEED) BROWSE DEBUG OBJ
                    -ECTEXTEND PRINT(.\Listings\error.lst) TABS(2) OBJECT(.\Objects\error.obj)

line level    source

   1          #include "error.h"
   2          #include "control.h"
   3          #include "weight.h"
   4          #include "page.h"
   5          #include "key.h"
   6          #include "wifi.h"
   7          
   8          static u8 ErrorStatus;
   9          u8 ErrorBackup;
  10          u16 ErrorCnt;
  11          
  12          void ErrorInit(void)
  13          {
  14   1        ErrorStatus = 0;
  15   1        ErrorBackup = 0;
  16   1        ErrorCnt = 0;
  17   1      }
  18          /*
  19          WError 0无故障，1通讯故障，其他上报故障
  20          CError 0无故障，1未接收到电控板上报数据故障
  21          error_code 通讯上报的故障代码
  22          bit6,bit5 用错盖子
  23          bit3 通讯板收不到屏幕发送数据
  24          bit2 开合盖
  25          bit1 底部传感器
  26          bit0 顶部传感器
  27          
  28          ErrorStatus
  29          1顶部传感器故障
  30          2底部传感器故障
  31          3通讯故障
  32          4用错盖，请使用玻璃盖
  33          5用错盖，请使用压力盖
  34          6用错盖，请使用烘烤盖
  35          7开合盖
  36          */
  37          void ErrorDisplay(void)
  38          {
  39   1        u8 k_data[4];
  40   1        
  41   1        if(error_code|CError)//(error_code|CError|WError|WeightSensorError)
  42   1        {
  43   2          if(error_code&0x01)//顶部传感器故障
  44   2          {
  45   3            ErrorStatus = 1;
  46   3            RealStatus.BitSate2 &= 0x83;//修改
  47   3            RealStatus.BitSate2 |= 0x04;//修改
  48   3          }
  49   2          else if(error_code&0x02)//底部传感器故障
  50   2          {
  51   3            ErrorStatus = 2;
  52   3            RealStatus.BitSate2 &= 0x83;//修改
  53   3            RealStatus.BitSate2 |= 0x08;//修改
  54   3          }
C51 COMPILER V9.57.0.0   ERROR                                                             12/10/2020 18:06:06 PAGE 2   

  55   2          else if(((error_code&0x08)!=0)||(CError!=0))//通讯故障
  56   2          {
  57   3            ErrorStatus = 3;
  58   3            RealStatus.BitSate2 &= 0x83;//修改
  59   3            RealStatus.BitSate2 |= 0x20;//修改
  60   3          }
  61   2          else if(error_code&0x10)//用错盖子
  62   2          {
  63   3            ErrorStatus = gaizi_type + 4;
  64   3            RealStatus.BitSate2 &= 0x83;//修改
  65   3            RealStatus.BitSate2 |= 0x40;//修改
  66   3          }
  67   2          else if(error_code&0x04)//开合盖
  68   2          {
  69   3            ErrorStatus = 7;
  70   3            RealStatus.BitSate2 &= 0x83;//修改
  71   3            RealStatus.BitSate2 |= 0x10;//修改
  72   3          }
  73   2          else
  74   2          {
  75   3            ErrorStatus = 0;//其他故障不显示处理
  76   3            RealStatus.BitSate2 &= 0x83;//修改
  77   3      //      if(WeightSensorError)
  78   3      //      {
  79   3      //        ErrorStatus = 8;
  80   3      //      }
  81   3      //      else if(WError)
  82   3      //      {
  83   3      //        ErrorStatus = 9;
  84   3      //      }
  85   3          }
  86   2        }
  87   1        else
  88   1        {
  89   2          ErrorStatus = 0;
  90   2        }
  91   1        if(ErrorBackup != ErrorStatus)
  92   1        {
  93   2          read_dgus_vp(0x14,k_data,2);
  94   2          ErrorBackup = ErrorStatus;
  95   2          ErrorCnt = 0;
  96   2          if(ErrorStatus)//发生故障
  97   2          {
  98   3            if(Work_State)//正在工作
  99   3            {
 100   4              if(ErrorStatus<=7)
 101   4              {
 102   5                if(k_data[1]>=99)
 103   5                  ErrPageBack = k_data[1];
 104   5                Page_Change(ErrorStatus+87);
 105   5                if((ErrorStatus==4)||(ErrorStatus==5)||(ErrorStatus==6))
 106   5                {
 107   6                  MusicList[0] = 96 + ErrorStatus;
 108   6                  Music_Play(MusicList,1);
 109   6                }
 110   5                else if(ErrorStatus==7)
 111   5                {
 112   6                  MusicList[0] = 106;
 113   6                  Music_Play(MusicList,1);
 114   6                }
 115   5              }
 116   4            }
C51 COMPILER V9.57.0.0   ERROR                                                             12/10/2020 18:06:06 PAGE 3   

 117   3            else
 118   3            {
 119   4              if((ErrorStatus==8)||(ErrorStatus==9))
 120   4              {
 121   5                if((k_data[1]==115)||(k_data[1]==137)||(k_data[1]==139))
 122   5                {
 123   6                  ErrPageBack = k_data[1];
 124   6                  Page_Change(ErrorStatus+87);
 125   6                }
 126   5              }
 127   4            }
 128   3          }
 129   2          else
 130   2          {
 131   3            if((k_data[1]<99)&&(k_data[1]>87))
 132   3              Page_Change(ErrPageBack);//故障消失自动返回之前页面
 133   3          }
 134   2        }
 135   1        else
 136   1        {
 137   2          if(ErrorStatus)
 138   2          {
 139   3      //      read_dgus_vp(0x14,k_data,2);
 140   3      //      if(PageToWeight)
 141   3      //      {
 142   3      //        PageToWeight = 0;
 143   3      //        if((ErrorStatus==8)||(ErrorStatus==9))
 144   3      //        {
 145   3      //          ErrPageBack = k_data[1];
 146   3      //          Page_Change(ErrorStatus+87);
 147   3      //        }
 148   3      //      }
 149   3            ErrorCnt++;
 150   3            if(ErrorCnt>=250)
 151   3            {
 152   4              ErrorCnt = 0;
 153   4              read_dgus_vp(0x14,k_data,2);
 154   4              if(Work_State)//正在工作
 155   4              {
 156   5                if(ErrorStatus<=7)
 157   5                {
 158   6                  if(k_data[1] >= 99)
 159   6                  {
 160   7                    ErrPageBack = k_data[1];
 161   7                    Page_Change(ErrorStatus+87);
 162   7                    if((ErrorStatus==4)||(ErrorStatus==5)||(ErrorStatus==6))
 163   7                    {
 164   8                      MusicList[0] = 96 + ErrorStatus;
 165   8                      Music_Play(MusicList,1);
 166   8                    }
 167   7                    else if(ErrorStatus==7)
 168   7                    {
 169   8                      MusicList[0] = 106;
 170   8                      Music_Play(MusicList,1);
 171   8                    }
 172   7                  }
 173   6                }
 174   5              }
 175   4              else
 176   4              {
 177   5                if((ErrorStatus==8)||(ErrorStatus==9))
 178   5                {
C51 COMPILER V9.57.0.0   ERROR                                                             12/10/2020 18:06:06 PAGE 4   

 179   6                  if((k_data[1]==115)||(k_data[1]==137)||(k_data[1]==139))
 180   6                  {
 181   7                    ErrPageBack = k_data[1];
 182   7                    Page_Change(ErrorStatus+87);
 183   7                  }
 184   6                }
 185   5              }
 186   4            }
 187   3          }
 188   2        }
 189   1        if(WError|WeightSensorError)
 190   1          RealStatus.BitSate2 |= 0x80;//修改
 191   1        else
 192   1          RealStatus.BitSate2 &= 0x7f;//修改
 193   1        if(WifiError)
 194   1          RealStatus.BitSate1 |= 0x01;//修改
 195   1        else
 196   1          RealStatus.BitSate1 &= 0xfe;//修改
 197   1      }


MODULE INFORMATION:   STATIC OVERLAYABLE
   CODE SIZE        =    631    ----
   CONSTANT SIZE    =   ----    ----
   XDATA SIZE       =      4       4
   PDATA SIZE       =   ----    ----
   DATA SIZE        =   ----    ----
   IDATA SIZE       =   ----    ----
   BIT SIZE         =   ----    ----
END OF MODULE INFORMATION.


C51 COMPILATION COMPLETE.  0 WARNING(S),  0 ERROR(S)
