C51 COMPILER V9.57.0.0   NET                                                               04/28/2020 19:32:48 PAGE 1   


C51 COMPILER V9.57.0.0, COMPILATION OF MODULE NET
OBJECT MODULE PLACED IN .\Objects\net.obj
COMPILER INVOKED BY: D:\Program Files\keil\C51\BIN\C51.EXE source\net.c LARGE OPTIMIZE(8,SPEED) BROWSE DEBUG OBJECTEXTEN
                    -D PRINT(.\Listings\net.lst) TABS(2) OBJECT(.\Objects\net.obj)

line level    source

   1          
   2          #include "net.h"
   3          
   4          
   5          
   6          
   7          
   8          


MODULE INFORMATION:   STATIC OVERLAYABLE
   CODE SIZE        =   ----    ----
   CONSTANT SIZE    =   ----    ----
   XDATA SIZE       =   ----    ----
   PDATA SIZE       =   ----    ----
   DATA SIZE        =   ----    ----
   IDATA SIZE       =   ----    ----
   BIT SIZE         =   ----    ----
END OF MODULE INFORMATION.


C51 COMPILATION COMPLETE.  0 WARNING(S),  0 ERROR(S)
