C51 COMPILER V9.57.0.0   PAGE                                                              12/30/2020 14:45:20 PAGE 1   


C51 COMPILER V9.57.0.0, COMPILATION OF MODULE PAGE
OBJECT MODULE PLACED IN .\Objects\page.obj
COMPILER INVOKED BY: D:\Program Files\keil\C51\BIN\C51.EXE source\page.c LARGE OPTIMIZE(8,SPEED) BROWSE DEBUG OBJECTEXTE
                    -ND PRINT(.\Listings\page.lst) TABS(2) OBJECT(.\Objects\page.obj)

line level    source

   1          #include "dacai.h"
   2          #include "page.h"
   3          
   4          u16 PageBackup;
   5          
   6          void PageInit(void)
   7          {
   8   1        PageBackup = 0;
   9   1      }
  10          
  11          
  12          void Page0(void)
  13          {
  14   1        
  15   1      }
  16          
  17          
  18          code void (*allpage[])(void)={
  19          Page0,
  20          };
  21          
  22          void PageAction(void)
  23          {
  24   1        u16 pageid;
  25   1      
  26   1        EA = 0;
  27   1        ADR_H = 0x00;
  28   1        ADR_M = 0x00;
  29   1        ADR_L = 0x0a;
  30   1        ADR_INC = 1;
  31   1        RAMMODE = 0xAF;   //¶Á²Ù×÷
  32   1        while(!APP_ACK);
  33   1        APP_EN = 1;
  34   1        while(APP_EN);
  35   1        pageid = DATA3;
  36   1        pageid <<= 8;
  37   1        pageid |= DATA2;
  38   1        RAMMODE = 0;
  39   1        EA = 1;
  40   1        if(allpage[pageid] != 0)
  41   1        {
  42   2          allpage[pageid]();
  43   2        } 
  44   1        if(PageBackup != pageid)
  45   1        {
  46   2          PageBackup = pageid;
  47   2          ReportPageID(pageid);
  48   2        }
  49   1      }


MODULE INFORMATION:   STATIC OVERLAYABLE
   CODE SIZE        =    145    ----
   CONSTANT SIZE    =      3    ----
C51 COMPILER V9.57.0.0   PAGE                                                              12/30/2020 14:45:20 PAGE 2   

   XDATA SIZE       =      2       2
   PDATA SIZE       =   ----    ----
   DATA SIZE        =   ----    ----
   IDATA SIZE       =   ----    ----
   BIT SIZE         =   ----    ----
END OF MODULE INFORMATION.


C51 COMPILATION COMPLETE.  0 WARNING(S),  0 ERROR(S)
