C51 COMPILER V9.60.0.0   RTC                                                               12/09/2022 13:52:00 PAGE 1   


C51 COMPILER V9.60.0.0, COMPILATION OF MODULE RTC
OBJECT MODULE PLACED IN .\Objects\rtc.obj
COMPILER INVOKED BY: C:\Keil_v5\C51\BIN\C51.EXE source\rtc.c LARGE OPTIMIZE(8,SPEED) BROWSE INCDIR(.\driver;.\source) DE
                    -BUG OBJECTEXTEND PRINT(.\Listings\rtc.lst) TABS(2) OBJECT(.\Objects\rtc.obj)

line level    source

   1          #include "rtc.h"
   2          #include "sys.h"
   3          bit is_time_flag = 0;
   4          
   5          
   6          //**********************RX8130æ¥å£ç¨‹åºï¼ŒSDA 10Kä¸Šæ‹‰åˆ°3.3V**************
   7          //ä¸Šç”µæ—¶è¿è¡Œä¸€æ¬¡initrtc()ï¼Œç„¶å0.5ç§’é—´éš”è¿è¡Œä¸€æ¬¡rdtime()è¯»å–æ—¶é—´åˆ°DGUSç›¸åº”ç³»ç»Ÿæ
             -¥å£
   8          unsigned char RTCdata[8];
   9          
  10          
  11          void SDA_IN()
  12          { 
  13   1        P3MDOUT=P3MDOUT&0xF7;
  14   1      }
  15          
  16          void SDA_OUT()
  17          {   
  18   1        //P3MDOUT=P3MDOUT|0x0C;
  19   1        P3MDOUT=P3MDOUT|0x08;
  20   1      }
  21          
  22            //delay t uS
  23          void delayus(unsigned char t)
  24          { 
  25   1        char i;
  26   1        while(t)
  27   1        { 
  28   2          for(i=0;i<17;i++)
  29   2          {
  30   3            i=i;
  31   3          }
  32   2          t--;
  33   2        }
  34   1      }
  35          
  36          void i2cstart()
  37          { 
  38   1        SDA_OUT();
  39   1        RTC_SDA=1;
  40   1        RTC_SCL=1;
  41   1        delayus(15);
  42   1        RTC_SDA=0;
  43   1        delayus(15);
  44   1        RTC_SCL=0;
  45   1        delayus(15);
  46   1      }
  47          
  48          void i2cstop()
  49          { 
  50   1        SDA_OUT();
  51   1        RTC_SDA=0;
  52   1        RTC_SCL=1;
  53   1        delayus(15);
C51 COMPILER V9.60.0.0   RTC                                                               12/09/2022 13:52:00 PAGE 2   

  54   1        RTC_SDA=1;
  55   1        delayus(15);
  56   1        SDA_IN();
  57   1      }
  58          
  59          void mack()
  60          { 
  61   1        SDA_OUT();
  62   1        RTC_SDA=0;
  63   1        delayus(5);
  64   1        RTC_SCL=1;
  65   1        delayus(5);
  66   1        RTC_SCL=0;
  67   1        delayus(5);
  68   1      }
  69          
  70          void mnak()
  71          { 
  72   1        SDA_OUT();
  73   1        RTC_SDA=1;
  74   1        delayus(5);
  75   1        RTC_SCL=1;
  76   1        delayus(5);
  77   1        RTC_SCL=0;
  78   1        delayus(5);
  79   1      }
  80          
  81          void cack()
  82          { 
  83   1        unsigned char i;
  84   1        SDA_IN();
  85   1        RTC_SDA=1;
  86   1        delayus(5);
  87   1        RTC_SCL=1;
  88   1        delayus(5);
  89   1        for(i=0;i<50;i++)
  90   1        {   
  91   2          if(!RTC_SDA) break;
  92   2          delayus(5);
  93   2        }
  94   1        RTC_SCL=0;
  95   1        delayus(5);
  96   1        SDA_OUT();
  97   1      }
  98          
  99              //I2C å†™å…¥1ä¸ªå­—èŠ‚
 100          void i2cbw(unsigned char dat)
 101          { char i;
 102   1        SDA_OUT();
 103   1        for(i=0;i<8;i++)
 104   1        { 
 105   2          if(dat&0x80) 
 106   2            RTC_SDA=1;
 107   2          else 
 108   2            RTC_SDA=0;
 109   2          dat=(dat<<1);
 110   2          delayus(5);
 111   2          RTC_SCL=1;
 112   2          delayus(5);
 113   2          RTC_SCL=0;
 114   2          delayus(5);
 115   2        }
C51 COMPILER V9.60.0.0   RTC                                                               12/09/2022 13:52:00 PAGE 3   

 116   1        cack();
 117   1      }
 118          
 119          //i2c è¯»å–1ä¸ªå­—èŠ‚æ•°æ®
 120          unsigned char i2cbr()
 121          { 
 122   1        char i;
 123   1        unsigned char dat;
 124   1        SDA_IN();
 125   1        for(i=0;i<8;i++)
 126   1        { 
 127   2          delayus(5);
 128   2          RTC_SCL=1;
 129   2          delayus(5);
 130   2          dat=(dat<<1);
 131   2          if(RTC_SDA) 
 132   2            dat=dat|0x01;
 133   2          else 
 134   2            dat=dat&0xFE;
 135   2          RTC_SCL=0;
 136   2          delayus(5);
 137   2        }
 138   1        return(dat);
 139   1      }
 140          
 141              //æ£€æŸ¥8130æœ‰æ²¡æœ‰æ‰ç”µï¼Œæ‰ç”µåˆ™åˆå§‹åŒ–8130ï¼Œè®¾ç½®æ—¶é—´ä¸º2017.01.01 æ˜ŸæœŸä¸€ 00:00:00
 142          void init_rtc()
 143          { 
 144   1        unsigned char i;
 145   1        
 146   1        SetPinOut(3,2);//é…ç½®ç›¸å…³çš„å¼•è„š
 147   1        SetPinOut(3,3);
 148   1        
 149   1        //æ£€æŸ¥æœ‰æ²¡æœ‰æ‰ç”µ
 150   1        i2cstart();
 151   1        i2cbw(0x64);
 152   1        i2cbw(0x1d);
 153   1        i2cstop();
 154   1        i2cstart();
 155   1        i2cbw(0x65);
 156   1        i=i2cbr();
 157   1        mack();
 158   1        i2cbr();
 159   1        mnak();
 160   1        i2cstop();
 161   1        if((i&0x02)==0x02)
 162   1        { //é‡æ–°é…ç½®æ—¶é—´
 163   2          i2cstart();   //30=00
 164   2          i2cbw(0x64);
 165   2          i2cbw(0x30);
 166   2          i2cbw(0x00);
 167   2          i2cstop();
 168   2          i2cstart();   //1C-1F=48 00 40 10
 169   2          i2cbw(0x64);
 170   2          i2cbw(0x1C);
 171   2          i2cbw(0x48);
 172   2          i2cbw(0x00);
 173   2          i2cbw(0x40);
 174   2          i2cbw(0x10);
 175   2          i2cstop();
 176   2          i2cstart();   //10-16=RTCè®¾ç½®å€¼ BCDæ ¼å¼
 177   2          i2cbw(0x64);
C51 COMPILER V9.60.0.0   RTC                                                               12/09/2022 13:52:00 PAGE 4   

 178   2          i2cbw(0x10);
 179   2          i2cbw(0x00);  //ç§’
 180   2          i2cbw(0x00);  //åˆ†
 181   2          i2cbw(0x00);  //æ—¶
 182   2          i2cbw(0x01);  //æ˜ŸæœŸ
 183   2          i2cbw(0x01);  //æ—¥
 184   2          i2cbw(0x01);  //æœˆ
 185   2          i2cbw(0x17);  //å¹´
 186   2          i2cstop();
 187   2          i2cstart();   //1E-1F 00 10
 188   2          i2cbw(0x64);
 189   2          i2cbw(0x1E);
 190   2          i2cbw(0x00);  
 191   2          i2cbw(0x10);      
 192   2          i2cstop();
 193   2        }
 194   1      }
 195          
 196          //æŠŠRTCè¯»å–å¹¶å¤„ç†ï¼Œå†™åˆ°DGUSå¯¹åº”çš„å˜é‡ç©ºé—´ï¼Œä¸»ç¨‹åºä¸­æ¯0.5ç§’è°ƒç”¨ä¸€æ¬¡
 197          void rdtime()
 198          { 
 199   1        //unsigned char RTCdata[8];
 200   1        unsigned char i,n,m;
 201   1        i2cstart();
 202   1        i2cbw(0x64);
 203   1        i2cbw(0x10);
 204   1        i2cstop();
 205   1        i2cstart();
 206   1        i2cbw(0x65);
 207   1        for(i=6;i>0;i--)
 208   1        { 
 209   2          RTCdata[i]=i2cbr();
 210   2          mack();
 211   2        }
 212   1        RTCdata[0]=i2cbr();
 213   1        mnak();
 214   1        i2cstop();
 215   1        for(i=0;i<3;i++)  //å¹´æœˆæ—¥è½¬æ¢æˆHEX
 216   1        { 
 217   2          n=RTCdata[i]/16;
 218   2          m=RTCdata[i]%16;
 219   2          RTCdata[i]=n*10+m;
 220   2        }
 221   1        for(i=4;i<7;i++)  //æ—¶åˆ†ç§’è½¬æ¢æˆHEX
 222   1        { 
 223   2          n=RTCdata[i]/16;
 224   2          m=RTCdata[i]%16;
 225   2          RTCdata[i]=n*10+m;
 226   2        }
 227   1        #if 0
                //å¤„ç†æ˜ŸæœŸçš„æ•°æ®æ ¼å¼
                n=0;
                m=RTCdata[3];     //bit     7654 3210
                SBUF0 = m;
                for(i=0;i<7;i++)    //æ˜ŸæœŸæ—¥  0000 0001
                {             //æ˜ŸæœŸä¸€  0000 0010
                  if(m&0x01)  break;  //æ˜ŸæœŸäºŒ  0000 0100
                            //æ˜ŸæœŸä¸‰  0000 1000
                  n++;        //æ˜ŸæœŸå››  0001 0000
                  m=(m>>1);
                }
                RTCdata[3]=n;   //æ˜ŸæœŸæ˜¯  0-6   å¯¹åº”   æ˜ŸæœŸæ—¥ã€æ˜ŸæœŸä¸€...æ˜ŸæœŸå…­
C51 COMPILER V9.60.0.0   RTC                                                               12/09/2022 13:52:00 PAGE 5   

                #endif
 241   1        
 242   1        RTCdata[7]=0x00;
 243   1        write_dgus_vp(0x0010,RTCdata,0x04); //å†™å…¥DGUSå˜é‡ç©ºé—´
 244   1      }
 245          
 246          u16 Hex_to_BCD(u16 value)   //è½¬åŒ–ä¸ºBCDç 
 247          {
 248   1        value = (value/10*16) + value%10;
 249   1        return value;
 250   1      }
 251          
 252          
 253          u8 rtc_get_week(u8 year,u8 month,u8 day)
 254          { 
 255   1        u16 tmp,mon,y;
 256   1        u8 week;
 257   1        if((month == 1) || (month == 2))
 258   1        {
 259   2          mon = month + 12;
 260   2          y = year - 1;
 261   2        }
 262   1        else 
 263   1        {
 264   2          mon = month;
 265   2          y = year;
 266   2        }
 267   1        tmp = y + (y / 4) +(((mon + 1) * 26) / 10) + day - 36;
 268   1        week = tmp % 7;
 269   1        return week;
 270   1      }
 271          
 272          
 273          void Write_RTC(u16 time_addr, u16 week_addr) 
 274          { 
 275   1        unsigned char rtcdata[8];
 276   1        unsigned char Rtc_Set[6];
 277   1        unsigned short week;
 278   1        
 279   1        read_dgus_vp(time_addr,Rtc_Set,3);      //ç”¨æ•°æ®å˜é‡å½•å…¥ 3ä¸ªå­—ï¼Œé«˜ä½å­—èŠ‚ å…±6å­—èŠ‚  009D--009
             -F
 280   1        read_dgus_vp(week_addr,(u8*)&week,1);   //æ˜ŸæœŸå½•å…¥
 281   1        
 282   1        rtcdata[6]=Hex_to_BCD(Rtc_Set[0]);
 283   1        rtcdata[5]=Hex_to_BCD(Rtc_Set[1]);
 284   1        rtcdata[4]=Hex_to_BCD(Rtc_Set[2]);
 285   1        rtcdata[2]=Hex_to_BCD(Rtc_Set[3]);
 286   1        rtcdata[1]=Hex_to_BCD(Rtc_Set[4]);
 287   1        rtcdata[0]=Hex_to_BCD(Rtc_Set[5]);
 288   1        /*
 289   1        if(week == 7)
 290   1        {
 291   1          rtcdata[3]=(u8)(1<<0);
 292   1        }
 293   1        else if(week < 7)
 294   1        rtcdata[3]=(u8)(1<<week);*/
 295   1        
 296   1        rtcdata[3] = rtc_get_week(Rtc_Set[0],Rtc_Set[1],Rtc_Set[2]);
 297   1      
 298   1        i2cstart(); //30=00 
 299   1        i2cbw(0x64); 
 300   1        i2cbw(0x30); 
C51 COMPILER V9.60.0.0   RTC                                                               12/09/2022 13:52:00 PAGE 6   

 301   1        i2cbw(0x00); 
 302   1        i2cstop(); 
 303   1        i2cstart(); //1C-1F=48 00 40 10 
 304   1        i2cbw(0x64); 
 305   1        i2cbw(0x1C); 
 306   1        i2cbw(0x48); 
 307   1        i2cbw(0x00); 
 308   1        i2cbw(0x40); 
 309   1        i2cbw(0x10); 
 310   1        i2cstop(); 
 311   1        i2cstart(); //10-16=RTCè®¾ç½®å€¼ BCDæ ¼å¼ 
 312   1        i2cbw(0x64); 
 313   1        i2cbw(0x10); 
 314   1        
 315   1        
 316   1        i2cbw(rtcdata[0]); //ç§’      
 317   1        i2cbw(rtcdata[1]); //åˆ† 
 318   1        i2cbw(rtcdata[2]); //æ—¶     
 319   1        i2cbw(rtcdata[3]); //æ˜ŸæœŸ 
 320   1        i2cbw(rtcdata[4]); //æ—¥ 
 321   1        i2cbw(rtcdata[5]); //æœˆ 
 322   1        i2cbw(rtcdata[6]); //å¹´ 
 323   1      
 324   1      
 325   1      
 326   1        i2cstop(); 
 327   1        i2cstart(); //1E-1F 00 10 
 328   1        i2cbw(0x64); 
 329   1        i2cbw(0x1E); 
 330   1        i2cbw(0x00); 
 331   1        i2cbw(0x10); 
 332   1        i2cstop(); 
 333   1      } 
 334          
 335          void Write_wifi_RTC(void) 
 336          { 
 337   1        unsigned char rtcdata[7];
 338   1        unsigned char Rtc_Set[8];
 339   1        
 340   1        read_dgus_vp(0x04AC,Rtc_Set,4);     //ç”¨æ•°æ®å˜é‡å½•å…¥ 3ä¸ªå­—ï¼Œé«˜ä½å­—èŠ‚ å…±6å­—èŠ‚  009D--009F
 341   1      
 342   1        
 343   1        rtcdata[6]=Hex_to_BCD(Rtc_Set[1]);
 344   1        rtcdata[5]=Hex_to_BCD(Rtc_Set[2]);
 345   1        rtcdata[4]=Hex_to_BCD(Rtc_Set[3]);
 346   1        rtcdata[2]=Hex_to_BCD(Rtc_Set[5]);
 347   1        rtcdata[1]=Hex_to_BCD(Rtc_Set[6]);
 348   1        rtcdata[0]=Hex_to_BCD(Rtc_Set[7]);
 349   1      
 350   1        rtcdata[3]=(u8)(1<<Rtc_Set[4]);
 351   1      
 352   1        i2cstart(); //30=00 
 353   1        i2cbw(0x64); 
 354   1        i2cbw(0x30); 
 355   1        i2cbw(0x00); 
 356   1        i2cstop(); 
 357   1        i2cstart(); //1C-1F=48 00 40 10 
 358   1        i2cbw(0x64); 
 359   1        i2cbw(0x1C); 
 360   1        i2cbw(0x48); 
 361   1        i2cbw(0x00); 
 362   1        i2cbw(0x40); 
C51 COMPILER V9.60.0.0   RTC                                                               12/09/2022 13:52:00 PAGE 7   

 363   1        i2cbw(0x10); 
 364   1        i2cstop(); 
 365   1        i2cstart(); //10-16=RTCè®¾ç½®å€¼ BCDæ ¼å¼ 
 366   1        i2cbw(0x64); 
 367   1        i2cbw(0x10); 
 368   1        
 369   1        
 370   1        i2cbw(rtcdata[0]); //ç§’      
 371   1        i2cbw(rtcdata[1]); //åˆ† 
 372   1        i2cbw(rtcdata[2]); //æ—¶     
 373   1        i2cbw(rtcdata[3]); //æ˜ŸæœŸ 
 374   1        i2cbw(rtcdata[4]); //æ—¥ 
 375   1        i2cbw(rtcdata[5]); //æœˆ 
 376   1        i2cbw(rtcdata[6]); //å¹´ 
 377   1      
 378   1      
 379   1      
 380   1        i2cstop(); 
 381   1        i2cstart(); //1E-1F 00 10 
 382   1        i2cbw(0x64); 
 383   1        i2cbw(0x1E); 
 384   1        i2cbw(0x00); 
 385   1        i2cbw(0x10); 
 386   1        i2cstop(); 
 387   1      } 
 388          
 389          
 390          void RTC_Read_and_Set(void)
 391          {
 392   1        if(is_time_flag == 1)
 393   1        {
 394   2          is_time_flag = 0;
 395   2          rdtime();
 396   2        }
 397   1      }
 398          
 399          
 400          
 401          
 402          
 403          
 404          
 405          
 406          
 407          


MODULE INFORMATION:   STATIC OVERLAYABLE
   CODE SIZE        =   1250    ----
   CONSTANT SIZE    =   ----    ----
   XDATA SIZE       =      8      40
   PDATA SIZE       =   ----    ----
   DATA SIZE        =   ----    ----
   IDATA SIZE       =   ----    ----
   BIT SIZE         =      1    ----
END OF MODULE INFORMATION.


C51 COMPILATION COMPLETE.  0 WARNING(S),  0 ERROR(S)
