C51 COMPILER V9.60.0.0   TIMER                                                             12/09/2022 13:55:09 PAGE 1   


C51 COMPILER V9.60.0.0, COMPILATION OF MODULE TIMER
OBJECT MODULE PLACED IN .\Objects\timer.obj
COMPILER INVOKED BY: C:\Keil_v5\C51\BIN\C51.EXE driver\timer.c LARGE OPTIMIZE(8,SPEED) BROWSE INCDIR(.\driver;.\source) 
                    -DEBUG OBJECTEXTEND PRINT(.\Listings\timer.lst) TABS(2) OBJECT(.\Objects\timer.obj)

line level    source

   1          /******************************************************************************
   2          
   3                            版权所有 (C), 2019, 北京迪文科技有限公司
   4          
   5           ******************************************************************************
   6            文 件 名   : timer.c
   7            版 本 号   : V1.0
   8            作    者   : chenmeishu
   9            生成日期   : 2019.9.2
  10            功能描述   : 实现了定时器    硬件定时器0    实现了8个软定时器
  11            修改历史   :
  12            1.日    期   : 
  13              作    者   : 
  14              修改内容   : 
  15          ******************************************************************************/
  16          #include "timer.h"
  17          #include "sys.h"
  18          
  19          //注意：禁止私自访问这些变量，只能用接口函数访问
  20          //u8  EnableTimer;   //8个软定时器是否使能
  21          //u8  OutTimeFlag;   //8个软定时器是否超时
  22          //u32 TimerTime[8];  //8个软定时器定时时间
  23          u8  EnablePWM;
  24          u16 PWMTotal[8];
  25          u16 PWMLow[8];
  26          u16 PWMTicks[8];
  27          u8  PWMPort[8];
  28          u8  PWMPin[8];
  29          //注意：禁止私自访问这些变量，只能用接口函数访问
  30          u8 data EnableTimer;   //8个软定时器是否使能
  31          u8 data OutTimeFlag;   //8个软定时器是否超时
  32          u16 data TimerTime[8];  //8个软定时器定时时间
  33          u8 data SysTick;
  34          
  35          /*****************************************************************************
  36           函 数 名  : void T0_Init(void)
  37           功能描述  : 定时器0初始化  定时间隔1ms
  38           输入参数  :   
  39           输出参数  : 
  40           修改历史  :
  41            1.日    期   : 2019年9月2日
  42              作    者   :  陈美书
  43              修改内容   : 创建
  44          *****************************************************************************/
  45          
  46          void T0_Init(void)
  47          {
  48   1          TMOD=0x11;          //16位定时器
  49   1          //T0
  50   1          TH0=0x00;
  51   1          TL0=0x00;
  52   1          TR0=0x00;
  53   1        
  54   1          OutTimeFlag=0;
C51 COMPILER V9.60.0.0   TIMER                                                             12/09/2022 13:55:09 PAGE 2   

  55   1          EnableTimer=0;
  56   1        
  57   1          TMOD|=0x01;
  58   1          TH0=T1MS>>8;        //1ms定时器
  59   1          TL0=T1MS;
  60   1          ET0=1;              //开启定时器0中断
  61   1      //    EA=1;               //开总中断
  62   1          TR0=1;              //开启定时器
  63   1      }
  64          /*****************************************************************************
  65           函 数 名  : void T0_ISR_PC(void)    interrupt 1
  66           功能描述  : 定时器0处理函数，毫秒增加
  67           输入参数  :   
  68           输出参数  : 
  69           修改历史  :
  70            1.日    期   : 2019年9月2日
  71              作    者   : 陈美书
  72              修改内容   : 创建
  73          *****************************************************************************/
  74          void T0_ISR_PC(void)    interrupt 1
  75          {
  76   1         u8 data i;
  77   1        
  78   1          EA=0;
  79   1          TH0=T1MS>>8;
  80   1          TL0=T1MS;
  81   1          SysTick++;
  82   1          SysTick_RTC++;
  83   1          for(i=0;i<8;i++)
  84   1          {
  85   2            if(EnableTimer&(0x01<<i))
  86   2            {
  87   3              TimerTime[i]--;
  88   3              if(TimerTime[i]==0)
  89   3              {
  90   4                OutTimeFlag |= 0x01<<i;
  91   4                EnableTimer &= ~(0x01<<i);           
  92   4              }
  93   3            }
  94   2          }
  95   1          EA=1;
  96   1      }
  97          
  98          void timer2_Isr() interrupt 5
  99          {
 100   1        EA = 0;
 101   1        TF2 = 0;
 102   1        EA = 1;
 103   1      }
 104          
 105          
 106          /*****************************************************************************
 107           函 数 名  : void StartTimer(u8 ID, u16 nTime)
 108           功能描述  : 启动一个软定时器，
 109           输入参数  :   u8 ID         定时器ID
 110                         u16 nTime     定时ms数
 111          
 112           输出参数  : 
 113           修改历史  :
 114            1.日    期   : 2019年9月2日
 115              作    者   : 陈美书
 116              修改内容   : 创建
C51 COMPILER V9.60.0.0   TIMER                                                             12/09/2022 13:55:09 PAGE 3   

 117          *****************************************************************************/
 118          void StartTimer(u8 ID, u16 nTime)
 119          {
 120   1          EA=0;
 121   1          EnableTimer=EnableTimer|(1<<ID);
 122   1          TimerTime[ID]=nTime;
 123   1          OutTimeFlag&=~(1<<ID);
 124   1          EA=1; 
 125   1      }
 126          
 127          
 128          /*****************************************************************************
 129           函 数 名  : void KillTimer(u8 ID)
 130           功能描述  : 停止一个软定时器，
 131           输入参数  :  u8 ID  定时器ID
 132           输出参数  : 
 133           修改历史  :
 134            1.日    期   : 2019年9月2日
 135              作    者   : 陈美书
 136              修改内容   : 创建
 137          *****************************************************************************/
 138          void KillTimer(u8 ID)
 139          {
 140   1          EA=0;
 141   1          EnableTimer&=~(1<<(ID));
 142   1          OutTimeFlag&=~(1<<ID);
 143   1          EA=1;
 144   1      }
 145          
 146          /*****************************************************************************
 147           函 数 名  : u8 GetTimeOutFlag(u8 ID)
 148           功能描述  : 获得定时器是否超时
 149           输入参数  :  u8 ID  定时器ID
 150           输出参数  :  0  未超时    非0  超时
 151           修改历史  :
 152            1.日    期   : 2019年9月2日
 153              作    者   : 陈美书
 154              修改内容   : 创建
 155          *****************************************************************************/
 156          u8 GetTimeOutFlag(u8 ID)
 157          {
 158   1        u8 flag;
 159   1        EA=0;
 160   1        flag=OutTimeFlag&(1<<ID);
 161   1        EA=1;
 162   1        return flag;
 163   1        
 164   1      }
 165          
 166          #ifdef PWMENABLE
              void StartPWM(u8 PWMID, u16 VPWMTotal,u16 VPWMLow,u8 Port,u8 Pin )
              {
                  EA=0;
                  SetPinOut(Port,Pin);
                  PWMTicks[PWMID]=0;
                  PWMTotal[PWMID]=VPWMTotal;
                  PWMLow[PWMID]=VPWMLow;
                  PWMPort[PWMID]=Port;
                  PWMPin[PWMID]=Pin;  
                  EnablePWM|=(1<<PWMID);
                  EA=1;
              }
C51 COMPILER V9.60.0.0   TIMER                                                             12/09/2022 13:55:09 PAGE 4   

              
              void StopPWM(u8 PWMID)
              {
                  EA=0;
                  EnablePWM&=~(1<<PWMID); 
                  PinOutput(PWMPort[PWMID],PWMPin[PWMID],0);
                  EA=1;
              }
              
              void StopAllPWM()
              {
                 u8 i;
                 EnablePWM=0;
                 for(i=0;i<8;i++)
                {
                  PinOutput(PWMPort[i],PWMPin[i],0);
                }
              }
              #endif


MODULE INFORMATION:   STATIC OVERLAYABLE
   CODE SIZE        =    238    ----
   CONSTANT SIZE    =   ----    ----
   XDATA SIZE       =     65    ----
   PDATA SIZE       =   ----    ----
   DATA SIZE        =     19       1
   IDATA SIZE       =   ----    ----
   BIT SIZE         =   ----    ----
END OF MODULE INFORMATION.


C51 COMPILATION COMPLETE.  0 WARNING(S),  0 ERROR(S)
